<?xml version="1.0" encoding="UTF-8"?>
<testsuite xmlns:xsi="http://www.w3.org/2001/XMLSchema-instance" xsi:noNamespaceSchemaLocation="https://maven.apache.org/surefire/maven-surefire-plugin/xsd/surefire-test-report-3.0.xsd" version="3.0" name="com.alphaskyport.logistics.CapacityServiceIntegrationTest" time="6.914" tests="2" errors="0" skipped="0" failures="0">
  <properties>
[...]
</properties>
  <testcase name="testReserveCapacity_Exceeded" classname="com.alphaskyport.logistics.CapacityServiceIntegrationTest" time="0.761">
    <system-out><![CDATA[02:13:36.844 [main] INFO org.springframework.test.context.support.AnnotationConfigContextLoaderUtils -- Could not detect default configuration classes for test class [com.alphaskyport.logistics.CapacityServiceIntegrationTest]: CapacityServiceIntegrationTest does not declare any static, non-private, non-final, nested classes annotated with @Configuration.
02:13:36.963 [main] INFO org.springframework.boot.test.context.SpringBootTestContextBootstrapper -- Found @SpringBootConfiguration com.alphaskyport.AlphaSkyportApplication for test class com.alphaskyport.logistics.CapacityServiceIntegrationTest

  .   ____          _            __ _ _
 /\\ / ___'_ __ _ _(_)_ __  __ _ \ \ \ \
( ( )\___ | '_ | '_| | '_ \/ _` | \ \ \ \
 \\/  ___)| |_)| | | | | || (_| |  ) ) ) )
  '  |____| .__|_| |_|_| |_\__, | / / / /
 =========|_|==============|___/=/_/_/_/
 :: Spring Boot ::                (v3.2.3)

2025-12-09T02:13:37.414+03:00  INFO 99184 --- [alpha-skyport-backend] [           main] c.a.l.CapacityServiceIntegrationTest     : Starting CapacityServiceIntegrationTest using Java 21.0.9 with PID 99184 (started by chiboko in /home/chiboko/alpha-skyport)
2025-12-09T02:13:37.416+03:00  INFO 99184 --- [alpha-skyport-backend] [           main] c.a.l.CapacityServiceIntegrationTest     : The following 1 profile is active: "test"
2025-12-09T02:13:38.312+03:00  INFO 99184 --- [alpha-skyport-backend] [           main] .s.d.r.c.RepositoryConfigurationDelegate : Multiple Spring Data modules found, entering strict repository configuration mode
2025-12-09T02:13:38.314+03:00  INFO 99184 --- [alpha-skyport-backend] [           main] .s.d.r.c.RepositoryConfigurationDelegate : Bootstrapping Spring Data JPA repositories in DEFAULT mode.
2025-12-09T02:13:38.439+03:00  INFO 99184 --- [alpha-skyport-backend] [           main] .s.d.r.c.RepositoryConfigurationDelegate : Finished Spring Data repository scanning in 119 ms. Found 9 JPA repository interfaces.
2025-12-09T02:13:38.468+03:00  INFO 99184 --- [alpha-skyport-backend] [           main] .s.d.r.c.RepositoryConfigurationDelegate : Multiple Spring Data modules found, entering strict repository configuration mode
2025-12-09T02:13:38.470+03:00  INFO 99184 --- [alpha-skyport-backend] [           main] .s.d.r.c.RepositoryConfigurationDelegate : Bootstrapping Spring Data Redis repositories in DEFAULT mode.
2025-12-09T02:13:38.487+03:00  INFO 99184 --- [alpha-skyport-backend] [           main] .RepositoryConfigurationExtensionSupport : Spring Data Redis - Could not safely identify store assignment for repository candidate interface com.alphaskyport.iam.repository.UserRepository; If you want this repository to be a Redis repository, consider annotating your entities with one of these annotations: org.springframework.data.redis.core.RedisHash (preferred), or consider extending one of the following types with your repository: org.springframework.data.keyvalue.repository.KeyValueRepository
2025-12-09T02:13:38.489+03:00  INFO 99184 --- [alpha-skyport-backend] [           main] .RepositoryConfigurationExtensionSupport : Spring Data Redis - Could not safely identify store assignment for repository candidate interface com.alphaskyport.logistics.repository.CapacityBookingRepository; If you want this repository to be a Redis repository, consider annotating your entities with one of these annotations: org.springframework.data.redis.core.RedisHash (preferred), or consider extending one of the following types with your repository: org.springframework.data.keyvalue.repository.KeyValueRepository
2025-12-09T02:13:38.489+03:00  INFO 99184 --- [alpha-skyport-backend] [           main] .RepositoryConfigurationExtensionSupport : Spring Data Redis - Could not safely identify store assignment for repository candidate interface com.alphaskyport.logistics.repository.QuoteRepository; If you want this repository to be a Redis repository, consider annotating your entities with one of these annotations: org.springframework.data.redis.core.RedisHash (preferred), or consider extending one of the following types with your repository: org.springframework.data.keyvalue.repository.KeyValueRepository
2025-12-09T02:13:38.490+03:00  INFO 99184 --- [alpha-skyport-backend] [           main] .RepositoryConfigurationExtensionSupport : Spring Data Redis - Could not safely identify store assignment for repository candidate interface com.alphaskyport.logistics.repository.ShipmentRepository; If you want this repository to be a Redis repository, consider annotating your entities with one of these annotations: org.springframework.data.redis.core.RedisHash (preferred), or consider extending one of the following types with your repository: org.springframework.data.keyvalue.repository.KeyValueRepository
2025-12-09T02:13:38.490+03:00  INFO 99184 --- [alpha-skyport-backend] [           main] .RepositoryConfigurationExtensionSupport : Spring Data Redis - Could not safely identify store assignment for repository candidate interface com.alphaskyport.logistics.repository.ShipmentReservationRepository; If you want this repository to be a Redis repository, consider annotating your entities with one of these annotations: org.springframework.data.redis.core.RedisHash (preferred), or consider extending one of the following types with your repository: org.springframework.data.keyvalue.repository.KeyValueRepository
2025-12-09T02:13:38.491+03:00  INFO 99184 --- [alpha-skyport-backend] [           main] .RepositoryConfigurationExtensionSupport : Spring Data Redis - Could not safely identify store assignment for repository candidate interface com.alphaskyport.logistics.repository.ShipmentTrackingEventRepository; If you want this repository to be a Redis repository, consider annotating your entities with one of these annotations: org.springframework.data.redis.core.RedisHash (preferred), or consider extending one of the following types with your repository: org.springframework.data.keyvalue.repository.KeyValueRepository
2025-12-09T02:13:38.491+03:00  INFO 99184 --- [alpha-skyport-backend] [           main] .RepositoryConfigurationExtensionSupport : Spring Data Redis - Could not safely identify store assignment for repository candidate interface com.alphaskyport.logistics.repository.TrackingNumberRepository; If you want this repository to be a Redis repository, consider annotating your entities with one of these annotations: org.springframework.data.redis.core.RedisHash (preferred), or consider extending one of the following types with your repository: org.springframework.data.keyvalue.repository.KeyValueRepository
2025-12-09T02:13:38.492+03:00  INFO 99184 --- [alpha-skyport-backend] [           main] .RepositoryConfigurationExtensionSupport : Spring Data Redis - Could not safely identify store assignment for repository candidate interface com.alphaskyport.masterdata.repository.CountryRepository; If you want this repository to be a Redis repository, consider annotating your entities with one of these annotations: org.springframework.data.redis.core.RedisHash (preferred), or consider extending one of the following types with your repository: org.springframework.data.keyvalue.repository.KeyValueRepository
2025-12-09T02:13:38.492+03:00  INFO 99184 --- [alpha-skyport-backend] [           main] .RepositoryConfigurationExtensionSupport : Spring Data Redis - Could not safely identify store assignment for repository candidate interface com.alphaskyport.masterdata.repository.FreightServiceRepository; If you want this repository to be a Redis repository, consider annotating your entities with one of these annotations: org.springframework.data.redis.core.RedisHash (preferred), or consider extending one of the following types with your repository: org.springframework.data.keyvalue.repository.KeyValueRepository
2025-12-09T02:13:38.493+03:00  INFO 99184 --- [alpha-skyport-backend] [           main] .s.d.r.c.RepositoryConfigurationDelegate : Finished Spring Data repository scanning in 13 ms. Found 0 Redis repository interfaces.
2025-12-09T02:13:39.428+03:00  INFO 99184 --- [alpha-skyport-backend] [           main] com.zaxxer.hikari.HikariDataSource       : HikariPool-1 - Starting...
2025-12-09T02:13:39.618+03:00  INFO 99184 --- [alpha-skyport-backend] [           main] com.zaxxer.hikari.pool.HikariPool        : HikariPool-1 - Added connection org.postgresql.jdbc.PgConnection@26ca12a2
2025-12-09T02:13:39.619+03:00  INFO 99184 --- [alpha-skyport-backend] [           main] com.zaxxer.hikari.HikariDataSource       : HikariPool-1 - Start completed.
2025-12-09T02:13:39.689+03:00  INFO 99184 --- [alpha-skyport-backend] [           main] o.f.c.internal.license.VersionPrinter    : Flyway Community Edition 9.22.3 by Redgate
2025-12-09T02:13:39.689+03:00  INFO 99184 --- [alpha-skyport-backend] [           main] o.f.c.internal.license.VersionPrinter    : See release notes here: https://rd.gt/416ObMi
2025-12-09T02:13:39.689+03:00  INFO 99184 --- [alpha-skyport-backend] [           main] o.f.c.internal.license.VersionPrinter    : 
2025-12-09T02:13:39.701+03:00  INFO 99184 --- [alpha-skyport-backend] [           main] org.flywaydb.core.FlywayExecutor         : Database: jdbc:postgresql://localhost:5434/alphaskyport (PostgreSQL 16.11)
2025-12-09T02:13:39.708+03:00  WARN 99184 --- [alpha-skyport-backend] [           main] o.f.c.internal.database.base.Database    : Flyway upgrade recommended: PostgreSQL 16.11 is newer than this version of Flyway and support has not been tested. The latest supported version of PostgreSQL is 15.
2025-12-09T02:13:39.745+03:00  INFO 99184 --- [alpha-skyport-backend] [           main] o.f.core.internal.command.DbValidate     : Successfully validated 3 migrations (execution time 00:00.028s)
2025-12-09T02:13:39.793+03:00  INFO 99184 --- [alpha-skyport-backend] [           main] o.f.core.internal.command.DbMigrate      : Current version of schema "public": 3
2025-12-09T02:13:39.795+03:00  INFO 99184 --- [alpha-skyport-backend] [           main] o.f.core.internal.command.DbMigrate      : Schema "public" is up to date. No migration necessary.
2025-12-09T02:13:39.894+03:00  INFO 99184 --- [alpha-skyport-backend] [           main] o.hibernate.jpa.internal.util.LogHelper  : HHH000204: Processing PersistenceUnitInfo [name: default]
2025-12-09T02:13:39.948+03:00  INFO 99184 --- [alpha-skyport-backend] [           main] org.hibernate.Version                    : HHH000412: Hibernate ORM core version 6.4.4.Final
2025-12-09T02:13:40.004+03:00  INFO 99184 --- [alpha-skyport-backend] [           main] o.h.c.internal.RegionFactoryInitiator    : HHH000026: Second-level cache disabled
2025-12-09T02:13:40.242+03:00  INFO 99184 --- [alpha-skyport-backend] [           main] o.s.o.j.p.SpringPersistenceUnitInfo      : No LoadTimeWeaver setup: ignoring JPA class transformer
2025-12-09T02:13:40.295+03:00  WARN 99184 --- [alpha-skyport-backend] [           main] org.hibernate.orm.deprecation            : HHH90000025: PostgreSQLDialect does not need to be specified explicitly using 'hibernate.dialect' (remove the property setting and it will be selected by default)
2025-12-09T02:13:41.429+03:00  INFO 99184 --- [alpha-skyport-backend] [           main] o.h.e.t.j.p.i.JtaPlatformInitiator       : HHH000489: No JTA platform available (set 'hibernate.transaction.jta.platform' to enable JTA platform integration)
2025-12-09T02:13:41.479+03:00  INFO 99184 --- [alpha-skyport-backend] [           main] j.LocalContainerEntityManagerFactoryBean : Initialized JPA EntityManagerFactory for persistence unit 'default'
2025-12-09T02:13:42.008+03:00  INFO 99184 --- [alpha-skyport-backend] [           main] o.s.d.j.r.query.QueryEnhancerFactory     : Hibernate is in classpath; If applicable, HQL parser will be used.
2025-12-09T02:13:42.206+03:00  WARN 99184 --- [alpha-skyport-backend] [           main] JpaBaseConfiguration$JpaWebConfiguration : spring.jpa.open-in-view is enabled by default. Therefore, database queries may be performed during view rendering. Explicitly configure spring.jpa.open-in-view to disable this warning
2025-12-09T02:13:42.783+03:00  INFO 99184 --- [alpha-skyport-backend] [           main] c.a.l.CapacityServiceIntegrationTest     : Started CapacityServiceIntegrationTest in 5.65 seconds (process running for 6.633)
Hibernate: insert into users (address_line1,address_line2,city,company_name,country_code,created_at,email,first_name,is_active,is_verified,last_login,last_name,password_hash,phone,postal_code,state_province,updated_at,user_type,version,user_id) values (?,?,?,?,?,?,?,?,?,?,?,?,?,?,?,?,?,?,?,?)
Hibernate: insert into countries (cache_version,country_code,country_name,created_at,is_active,region,updated_at) values (?,?,?,?,?,?,?)
Hibernate: insert into freight_services (base_rate,cache_version,created_at,currency,description,estimated_days_max,estimated_days_min,is_active,max_daily_capacity_kg,max_daily_capacity_m3,service_name,service_type,updated_at) values (?,?,?,?,?,?,?,?,?,?,?,?,?)
2025-12-09T02:13:43.532+03:00  WARN 99184 --- [alpha-skyport-backend] [           main] o.h.s.r.j.i.DeferredResultSetAccess      : HHH000444: Encountered request for locking however dialect reports that database prefers locking be done in a separate select (follow-on locking); results will be locked after initial query executes
Hibernate: select cb1_0.booking_id,cb1_0.booking_date,cb1_0.created_at,cb1_0.max_volume_m3,cb1_0.max_weight_kg,cb1_0.reserved_volume_m3,cb1_0.reserved_weight_kg,cb1_0.service_id,cb1_0.updated_at,cb1_0.version from capacity_bookings cb1_0 left join freight_services s1_0 on s1_0.service_id=cb1_0.service_id where s1_0.service_id=? and cb1_0.booking_date=?
]]></system-out>
    <system-err><![CDATA[WARNING: A Java agent has been loaded dynamically (/home/chiboko/.m2/repository/net/bytebuddy/byte-buddy-agent/1.14.12/byte-buddy-agent-1.14.12.jar)
WARNING: If a serviceability tool is in use, please run with -XX:+EnableDynamicAgentLoading to hide this warning
WARNING: If a serviceability tool is not in use, please run with -Djdk.instrument.traceUsage for more information
WARNING: Dynamic loading of agents will be disallowed by default in a future release
]]></system-err>
  </testcase>
  <testcase name="testReserveCapacity_Success" classname="com.alphaskyport.logistics.CapacityServiceIntegrationTest" time="0.036">
    <system-out><![CDATA[Hibernate: insert into users (address_line1,address_line2,city,company_name,country_code,created_at,email,first_name,is_active,is_verified,last_login,last_name,password_hash,phone,postal_code,state_province,updated_at,user_type,version,user_id) values (?,?,?,?,?,?,?,?,?,?,?,?,?,?,?,?,?,?,?,?)
Hibernate: insert into countries (cache_version,country_code,country_name,created_at,is_active,region,updated_at) values (?,?,?,?,?,?,?)
Hibernate: insert into freight_services (base_rate,cache_version,created_at,currency,description,estimated_days_max,estimated_days_min,is_active,max_daily_capacity_kg,max_daily_capacity_m3,service_name,service_type,updated_at) values (?,?,?,?,?,?,?,?,?,?,?,?,?)
2025-12-09T02:13:43.570+03:00  WARN 99184 --- [alpha-skyport-backend] [           main] o.h.s.r.j.i.DeferredResultSetAccess      : HHH000444: Encountered request for locking however dialect reports that database prefers locking be done in a separate select (follow-on locking); results will be locked after initial query executes
Hibernate: select cb1_0.booking_id,cb1_0.booking_date,cb1_0.created_at,cb1_0.max_volume_m3,cb1_0.max_weight_kg,cb1_0.reserved_volume_m3,cb1_0.reserved_weight_kg,cb1_0.service_id,cb1_0.updated_at,cb1_0.version from capacity_bookings cb1_0 left join freight_services s1_0 on s1_0.service_id=cb1_0.service_id where s1_0.service_id=? and cb1_0.booking_date=?
Hibernate: insert into shipments (actual_delivery_date,actual_pickup_date,amount_due,amount_paid,cargo_description,cargo_volume,cargo_volume_unit,cargo_weight,cargo_weight_unit,created_at,currency,declared_value,deleted_at,destination_address,destination_country_id,estimated_delivery_date,estimated_pickup_date,is_residential_delivery,origin_address,origin_country_id,payment_status,previous_status,quote_id,service_id,shipment_status,special_instructions,status_changed_at,total_cost,tracking_number,updated_at,user_id,version,shipment_id) values (?,?,?,?,?,?,?,?,?,?,?,?,?,?,?,?,?,?,?,?,?,?,?,?,?,?,?,?,?,?,?,?,?)
Hibernate: insert into capacity_bookings (booking_date,created_at,max_volume_m3,max_weight_kg,reserved_volume_m3,reserved_weight_kg,service_id,updated_at,version,booking_id) values (?,?,?,?,?,?,?,?,?,?)
Hibernate: insert into shipment_reservations (booking_id,created_at,released_at,reservation_status,reserved_volume_m3,reserved_weight_kg,shipment_id,reservation_id) values (?,?,?,?,?,?,?,?)
Hibernate: update capacity_bookings set booking_date=?,max_volume_m3=?,max_weight_kg=?,reserved_volume_m3=?,reserved_weight_kg=?,service_id=?,updated_at=?,version=? where booking_id=? and version=?
2025-12-09T02:13:43.591+03:00  WARN 99184 --- [alpha-skyport-backend] [           main] o.h.s.r.j.i.DeferredResultSetAccess      : HHH000444: Encountered request for locking however dialect reports that database prefers locking be done in a separate select (follow-on locking); results will be locked after initial query executes
Hibernate: select cb1_0.booking_id,cb1_0.booking_date,cb1_0.created_at,cb1_0.max_volume_m3,cb1_0.max_weight_kg,cb1_0.reserved_volume_m3,cb1_0.reserved_weight_kg,cb1_0.service_id,cb1_0.updated_at,cb1_0.version from capacity_bookings cb1_0 left join freight_services s1_0 on s1_0.service_id=cb1_0.service_id where s1_0.service_id=? and cb1_0.booking_date=?
Hibernate: select booking_id from capacity_bookings where booking_id=? and version=? for update
]]></system-out>
  </testcase>
</testsuite>